<?xml version="1.0" ?>
<coverage branch-rate="0" branches-covered="0" branches-valid="0" complexity="0" line-rate="0.2669" lines-covered="6659" lines-valid="24950" timestamp="1614283650808" version="5.4">
	<!-- Generated by coverage.py: https://coverage.readthedocs.io -->
	<!-- Based on https://raw.githubusercontent.com/cobertura/web/master/htdocs/xml/coverage-04.dtd -->
	<sources>
		<source></source>
	</sources>
	<packages>
		<package branch-rate="0" complexity="0" line-rate="0.6667" name=".">
			<classes>
				<class branch-rate="0" complexity="0" filename="bewertung.py" line-rate="0.2" name="bewertung.py">
					<methods/>
					<lines>
						<line hits="1" number="1"/>
						<line hits="1" number="3"/>
						<line hits="0" number="4"/>
						<line hits="0" number="18"/>
						<line hits="0" number="20"/>
						<line hits="0" number="21"/>
						<line hits="0" number="22"/>
						<line hits="0" number="23"/>
						<line hits="0" number="25"/>
						<line hits="0" number="26"/>
					</lines>
				</class>
				<class branch-rate="0" complexity="0" filename="knn_module.py" line-rate="0.9571" name="knn_module.py">
					<methods/>
					<lines>
						<line hits="1" number="1"/>
						<line hits="1" number="2"/>
						<line hits="1" number="3"/>
						<line hits="1" number="4"/>
						<line hits="1" number="5"/>
						<line hits="1" number="6"/>
						<line hits="1" number="7"/>
						<line hits="1" number="8"/>
						<line hits="1" number="9"/>
						<line hits="1" number="11"/>
						<line hits="1" number="12"/>
						<line hits="1" number="15"/>
						<line hits="1" number="16"/>
						<line hits="1" number="17"/>
						<line hits="1" number="18"/>
						<line hits="0" number="19"/>
						<line hits="1" number="20"/>
						<line hits="0" number="21"/>
						<line hits="1" number="23"/>
						<line hits="1" number="25"/>
						<line hits="1" number="26"/>
						<line hits="1" number="27"/>
						<line hits="0" number="28"/>
						<line hits="1" number="30"/>
						<line hits="1" number="32"/>
						<line hits="1" number="34"/>
						<line hits="1" number="35"/>
						<line hits="1" number="36"/>
						<line hits="1" number="37"/>
						<line hits="1" number="38"/>
						<line hits="1" number="39"/>
						<line hits="1" number="40"/>
						<line hits="1" number="42"/>
						<line hits="1" number="43"/>
						<line hits="1" number="45"/>
						<line hits="1" number="46"/>
						<line hits="1" number="47"/>
						<line hits="1" number="49"/>
						<line hits="1" number="50"/>
						<line hits="1" number="51"/>
						<line hits="1" number="52"/>
						<line hits="1" number="53"/>
						<line hits="1" number="54"/>
						<line hits="1" number="55"/>
						<line hits="1" number="56"/>
						<line hits="1" number="57"/>
						<line hits="1" number="58"/>
						<line hits="1" number="59"/>
						<line hits="1" number="60"/>
						<line hits="1" number="61"/>
						<line hits="1" number="62"/>
						<line hits="1" number="63"/>
						<line hits="1" number="64"/>
						<line hits="1" number="65"/>
						<line hits="1" number="66"/>
						<line hits="1" number="67"/>
						<line hits="1" number="68"/>
						<line hits="1" number="69"/>
						<line hits="1" number="70"/>
						<line hits="1" number="71"/>
						<line hits="1" number="72"/>
						<line hits="1" number="73"/>
						<line hits="1" number="75"/>
						<line hits="1" number="76"/>
						<line hits="1" number="77"/>
						<line hits="1" number="78"/>
						<line hits="1" number="79"/>
						<line hits="1" number="80"/>
						<line hits="1" number="81"/>
						<line hits="1" number="83"/>
					</lines>
				</class>
				<class branch-rate="0" complexity="0" filename="ml_module.py" line-rate="0.931" name="ml_module.py">
					<methods/>
					<lines>
						<line hits="1" number="1"/>
						<line hits="1" number="2"/>
						<line hits="1" number="4"/>
						<line hits="1" number="5"/>
						<line hits="1" number="6"/>
						<line hits="1" number="7"/>
						<line hits="1" number="10"/>
						<line hits="1" number="12"/>
						<line hits="1" number="18"/>
						<line hits="1" number="19"/>
						<line hits="1" number="21"/>
						<line hits="1" number="22"/>
						<line hits="1" number="23"/>
						<line hits="1" number="24"/>
						<line hits="1" number="25"/>
						<line hits="1" number="27"/>
						<line hits="1" number="28"/>
						<line hits="1" number="29"/>
						<line hits="1" number="30"/>
						<line hits="1" number="31"/>
						<line hits="1" number="32"/>
						<line hits="1" number="33"/>
						<line hits="1" number="34"/>
						<line hits="1" number="35"/>
						<line hits="0" number="36"/>
						<line hits="1" number="37"/>
						<line hits="0" number="38"/>
						<line hits="1" number="40"/>
						<line hits="1" number="41"/>
					</lines>
				</class>
				<class branch-rate="0" complexity="0" filename="ui.py" line-rate="0.4486" name="ui.py">
					<methods/>
					<lines>
						<line hits="1" number="1"/>
						<line hits="1" number="2"/>
						<line hits="1" number="3"/>
						<line hits="1" number="4"/>
						<line hits="1" number="5"/>
						<line hits="1" number="6"/>
						<line hits="1" number="7"/>
						<line hits="1" number="9"/>
						<line hits="1" number="10"/>
						<line hits="1" number="11"/>
						<line hits="1" number="12"/>
						<line hits="1" number="14"/>
						<line hits="1" number="15"/>
						<line hits="1" number="16"/>
						<line hits="1" number="17"/>
						<line hits="1" number="19"/>
						<line hits="1" number="20"/>
						<line hits="1" number="21"/>
						<line hits="1" number="22"/>
						<line hits="1" number="24"/>
						<line hits="1" number="25"/>
						<line hits="1" number="26"/>
						<line hits="1" number="27"/>
						<line hits="1" number="30"/>
						<line hits="1" number="31"/>
						<line hits="1" number="32"/>
						<line hits="1" number="33"/>
						<line hits="1" number="34"/>
						<line hits="1" number="36"/>
						<line hits="1" number="37"/>
						<line hits="1" number="38"/>
						<line hits="1" number="39"/>
						<line hits="1" number="41"/>
						<line hits="1" number="52"/>
						<line hits="1" number="53"/>
						<line hits="1" number="55"/>
						<line hits="1" number="56"/>
						<line hits="1" number="57"/>
						<line hits="1" number="58"/>
						<line hits="1" number="59"/>
						<line hits="1" number="61"/>
						<line hits="1" number="62"/>
						<line hits="0" number="63"/>
						<line hits="0" number="64"/>
						<line hits="0" number="65"/>
						<line hits="1" number="66"/>
						<line hits="1" number="67"/>
						<line hits="1" number="68"/>
						<line hits="1" number="69"/>
						<line hits="1" number="71"/>
						<line hits="0" number="73"/>
						<line hits="0" number="74"/>
						<line hits="0" number="75"/>
						<line hits="0" number="76"/>
						<line hits="0" number="78"/>
						<line hits="0" number="79"/>
						<line hits="0" number="80"/>
						<line hits="0" number="81"/>
						<line hits="0" number="82"/>
						<line hits="0" number="83"/>
						<line hits="0" number="84"/>
						<line hits="0" number="85"/>
						<line hits="0" number="86"/>
						<line hits="0" number="87"/>
						<line hits="0" number="88"/>
						<line hits="0" number="89"/>
						<line hits="0" number="91"/>
						<line hits="0" number="95"/>
						<line hits="0" number="96"/>
						<line hits="0" number="98"/>
						<line hits="0" number="99"/>
						<line hits="0" number="100"/>
						<line hits="0" number="102"/>
						<line hits="0" number="103"/>
						<line hits="0" number="104"/>
						<line hits="0" number="105"/>
						<line hits="0" number="106"/>
						<line hits="0" number="107"/>
						<line hits="0" number="109"/>
						<line hits="0" number="110"/>
						<line hits="0" number="111"/>
						<line hits="0" number="112"/>
						<line hits="0" number="113"/>
						<line hits="0" number="114"/>
						<line hits="0" number="115"/>
						<line hits="0" number="116"/>
						<line hits="0" number="117"/>
						<line hits="0" number="118"/>
						<line hits="0" number="119"/>
						<line hits="0" number="120"/>
						<line hits="0" number="121"/>
						<line hits="0" number="122"/>
						<line hits="0" number="124"/>
						<line hits="0" number="125"/>
						<line hits="0" number="126"/>
						<line hits="0" number="127"/>
						<line hits="0" number="128"/>
						<line hits="0" number="129"/>
						<line hits="0" number="130"/>
						<line hits="0" number="131"/>
						<line hits="0" number="132"/>
						<line hits="0" number="133"/>
						<line hits="0" number="134"/>
						<line hits="0" number="135"/>
						<line hits="0" number="136"/>
						<line hits="1" number="138"/>
						<line hits="0" number="139"/>
					</lines>
				</class>
			</classes>
		</package>
		<package branch-rate="0" complexity="0" line-rate="0.2596" name="C:.Users.nicla.AppData.Roaming.Python.Python37.site-packages.PIL">
			<classes>
				<class branch-rate="0" complexity="0" filename="C:/Users/nicla/AppData/Roaming/Python/Python37/site-packages/PIL/BlpImagePlugin.py" line-rate="0.1336" name="BlpImagePlugin.py">
					<methods/>
					<lines>
						<line hits="1" number="32"/>
						<line hits="1" number="33"/>
						<line hits="1" number="35"/>
						<line hits="1" number="37"/>
						<line hits="1" number="39"/>
						<line hits="1" number="40"/>
						<line hits="1" number="41"/>
						<line hits="1" number="43"/>
						<line hits="1" number="44"/>
						<line hits="1" number="45"/>
						<line hits="1" number="48"/>
						<line hits="0" number="49"/>
						<line hits="1" number="52"/>
						<line hits="0" number="57"/>
						<line hits="0" number="58"/>
						<line hits="0" number="60"/>
						<line hits="0" number="62"/>
						<line hits="0" number="63"/>
						<line hits="0" number="65"/>
						<line hits="0" number="66"/>
						<line hits="0" number="70"/>
						<line hits="0" number="71"/>
						<line hits="0" number="74"/>
						<line hits="0" number="75"/>
						<line hits="0" number="77"/>
						<line hits="0" number="78"/>
						<line hits="0" number="79"/>
						<line hits="0" number="80"/>
						<line hits="0" number="81"/>
						<line hits="0" number="82"/>
						<line hits="0" number="83"/>
						<line hits="0" number="84"/>
						<line hits="0" number="85"/>
						<line hits="0" number="86"/>
						<line hits="0" number="88"/>
						<line hits="0" number="89"/>
						<line hits="0" number="90"/>
						<line hits="0" number="91"/>
						<line hits="0" number="92"/>
						<line hits="0" number="93"/>
						<line hits="0" number="94"/>
						<line hits="0" number="95"/>
						<line hits="0" number="97"/>
						<line hits="0" number="99"/>
						<line hits="0" number="100"/>
						<line hits="0" number="102"/>
						<line hits="0" number="104"/>
						<line hits="1" number="107"/>
						<line hits="0" number="112"/>
						<line hits="0" number="113"/>
						<line hits="0" number="115"/>
						<line hits="0" number="116"/>
						<line hits="0" number="117"/>
						<line hits="0" number="119"/>
						<line hits="0" number="120"/>
						<line hits="0" number="122"/>
						<line hits="0" number="124"/>
						<line hits="0" number="125"/>
						<line hits="0" number="127"/>
						<line hits="0" number="128"/>
						<line hits="0" number="129"/>
						<line hits="0" number="130"/>
						<line hits="0" number="131"/>
						<line hits="0" number="132"/>
						<line hits="0" number="133"/>
						<line hits="0" number="134"/>
						<line hits="0" number="136"/>
						<line hits="0" number="137"/>
						<line hits="0" number="138"/>
						<line hits="0" number="140"/>
						<line hits="0" number="142"/>
						<line hits="0" number="143"/>
						<line hits="0" number="144"/>
						<line hits="0" number="145"/>
						<line hits="0" number="146"/>
						<line hits="0" number="147"/>
						<line hits="0" number="148"/>
						<line hits="0" number="149"/>
						<line hits="0" number="150"/>
						<line hits="0" number="151"/>
						<line hits="0" number="152"/>
						<line hits="0" number="153"/>
						<line hits="0" number="155"/>
						<line hits="0" number="157"/>
						<line hits="1" number="160"/>
						<line hits="0" number="165"/>
						<line hits="0" number="166"/>
						<line hits="0" number="168"/>
						<line hits="0" number="169"/>
						<line hits="0" number="170"/>
						<line hits="0" number="172"/>
						<line hits="0" number="174"/>
						<line hits="0" number="175"/>
						<line hits="0" number="176"/>
						<line hits="0" number="178"/>
						<line hits="0" number="180"/>
						<line hits="0" number="182"/>
						<line hits="0" number="183"/>
						<line hits="0" number="185"/>
						<line hits="0" number="186"/>
						<line hits="0" number="188"/>
						<line hits="0" number="190"/>
						<line hits="0" number="191"/>
						<line hits="0" number="192"/>
						<line hits="0" number="193"/>
						<line hits="0" number="195"/>
						<line hits="0" number="197"/>
						<line hits="0" number="198"/>
						<line hits="0" number="199"/>
						<line hits="0" number="200"/>
						<line hits="0" number="201"/>
						<line hits="0" number="202"/>
						<line hits="0" number="203"/>
						<line hits="0" number="204"/>
						<line hits="0" number="205"/>
						<line hits="0" number="206"/>
						<line hits="0" number="208"/>
						<line hits="0" number="210"/>
						<line hits="0" number="212"/>
						<line hits="0" number="213"/>
						<line hits="0" number="214"/>
						<line hits="0" number="215"/>
						<line hits="0" number="216"/>
						<line hits="0" number="217"/>
						<line hits="0" number="218"/>
						<line hits="0" number="219"/>
						<line hits="0" number="220"/>
						<line hits="0" number="221"/>
						<line hits="0" number="222"/>
						<line hits="0" number="223"/>
						<line hits="0" number="225"/>
						<line hits="0" number="227"/>
						<line hits="1" number="230"/>
						<line hits="1" number="231"/>
						<line hits="1" number="234"/>
						<line hits="1" number="239"/>
						<line hits="1" number="240"/>
						<line hits="1" number="242"/>
						<line hits="0" number="243"/>
						<line hits="0" number="244"/>
						<line hits="0" number="246"/>
						<line hits="0" number="247"/>
						<line hits="0" number="248"/>
						<line hits="0" number="249"/>
						<line hits="0" number="250"/>
						<line hits="0" number="251"/>
						<line hits="0" number="253"/>
						<line hits="0" number="255"/>
						<line hits="1" number="257"/>
						<line hits="0" number="258"/>
						<line hits="0" number="260"/>
						<line hits="0" number="261"/>
						<line hits="0" number="262"/>
						<line hits="0" number="263"/>
						<line hits="0" number="265"/>
						<line hits="0" number="267"/>
						<line hits="0" number="269"/>
						<line hits="0" number="270"/>
						<line hits="0" number="272"/>
						<line hits="0" number="273"/>
						<line hits="1" number="276"/>
						<line hits="1" number="277"/>
						<line hits="1" number="279"/>
						<line hits="0" number="280"/>
						<line hits="0" number="281"/>
						<line hits="0" number="282"/>
						<line hits="0" number="283"/>
						<line hits="0" number="284"/>
						<line hits="0" number="285"/>
						<line hits="0" number="286"/>
						<line hits="0" number="287"/>
						<line hits="1" number="289"/>
						<line hits="0" number="290"/>
						<line hits="0" number="291"/>
						<line hits="0" number="292"/>
						<line hits="0" number="293"/>
						<line hits="0" number="294"/>
						<line hits="0" number="295"/>
						<line hits="0" number="296"/>
						<line hits="0" number="297"/>
						<line hits="1" number="299"/>
						<line hits="0" number="300"/>
						<line hits="0" number="302"/>
						<line hits="0" number="303"/>
						<line hits="0" number="304"/>
						<line hits="0" number="305"/>
						<line hits="0" number="307"/>
						<line hits="0" number="309"/>
						<line hits="0" number="311"/>
						<line hits="0" number="312"/>
						<line hits="0" number="314"/>
						<line hits="0" number="315"/>
						<line hits="1" number="318"/>
						<line hits="1" number="319"/>
						<line hits="0" number="320"/>
						<line hits="0" number="321"/>
						<line hits="0" number="323"/>
						<line hits="0" number="324"/>
						<line hits="0" number="325"/>
						<line hits="0" number="326"/>
						<line hits="0" number="327"/>
						<line hits="0" number="328"/>
						<line hits="0" number="329"/>
						<line hits="0" number="330"/>
						<line hits="0" number="331"/>
						<line hits="0" number="332"/>
						<line hits="0" number="333"/>
						<line hits="0" number="334"/>
						<line hits="0" number="336"/>
						<line hits="0" number="338"/>
						<line hits="0" number="342"/>
						<line hits="1" number="346"/>
						<line hits="0" number="347"/>
						<line hits="0" number="349"/>
						<line hits="0" number="350"/>
						<line hits="0" number="351"/>
						<line hits="0" number="352"/>
						<line hits="0" number="353"/>
						<line hits="0" number="354"/>
						<line hits="0" number="355"/>
						<line hits="0" number="356"/>
						<line hits="0" number="357"/>
						<line hits="0" number="358"/>
						<line hits="1" number="361"/>
						<line hits="1" number="362"/>
						<line hits="0" number="363"/>
						<line hits="0" number="365"/>
						<line hits="0" number="366"/>
						<line hits="0" number="368"/>
						<line hits="0" number="371"/>
						<line hits="0" number="372"/>
						<line hits="0" number="373"/>
						<line hits="0" number="374"/>
						<line hits="0" number="375"/>
						<line hits="0" number="376"/>
						<line hits="0" number="377"/>
						<line hits="0" number="378"/>
						<line hits="0" number="379"/>
						<line hits="0" number="381"/>
						<line hits="0" number="382"/>
						<line hits="0" number="383"/>
						<line hits="0" number="384"/>
						<line hits="0" number="385"/>
						<line hits="0" number="388"/>
						<line hits="0" number="390"/>
						<line hits="0" number="391"/>
						<line hits="0" number="392"/>
						<line hits="0" number="393"/>
						<line hits="0" number="394"/>
						<line hits="0" number="396"/>
						<line hits="0" number="397"/>
						<line hits="0" number="398"/>
						<line hits="0" number="399"/>
						<line hits="0" number="400"/>
						<line hits="0" number="402"/>
						<line hits="0" number="406"/>
						<line hits="0" number="409"/>
						<line hits="0" number="413"/>
						<line hits="1" number="416"/>
						<line hits="1" number="419"/>
						<line hits="1" number="421"/>
						<line hits="1" number="422"/>
					</lines>
				</class>
				<class branch-rate="0" complexity="0" filename="C:/Users/nicla/AppData/Roaming/Python/Python37/site-packages/PIL/BmpImagePlugin.py" line-rate="0.2378" name="BmpImagePlugin.py">
					<methods/>
					<lines>
						<line hits="1" number="27"/>
						<line hits="1" number="28"/>
						<line hits="1" number="29"/>
						<line hits="1" number="30"/>
						<line hits="1" number="31"/>
						<line hits="1" number="32"/>
						<line hits="1" number="38"/>
						<line hits="1" number="49"/>
						<line hits="1" number="50"/>
						<line hits="1" number="53"/>
						<line hits="1" number="54"/>
						<line hits="1" number="60"/>
						<line hits="1" number="64"/>
						<line hits="1" number="65"/>
						<line hits="1" number="68"/>
						<line hits="1" number="69"/>
						<line hits="1" number="70"/>
						<line hits="1" number="72"/>
						<line hits="0" number="74"/>
						<line hits="0" number="75"/>
						<line hits="0" number="76"/>
						<line hits="0" number="77"/>
						<line hits="0" number="79"/>
						<line hits="0" number="80"/>
						<line hits="0" number="84"/>
						<line hits="0" number="88"/>
						<line hits="0" number="89"/>
						<line hits="0" number="90"/>
						<line hits="0" number="91"/>
						<line hits="0" number="92"/>
						<line hits="0" number="93"/>
						<line hits="0" number="94"/>
						<line hits="0" number="98"/>
						<line hits="0" number="99"/>
						<line hits="0" number="100"/>
						<line hits="0" number="101"/>
						<line hits="0" number="102"/>
						<line hits="0" number="107"/>
						<line hits="0" number="108"/>
						<line hits="0" number="109"/>
						<line hits="0" number="111"/>
						<line hits="0" number="112"/>
						<line hits="0" number="116"/>
						<line hits="0" number="117"/>
						<line hits="0" number="118"/>
						<line hits="0" number="121"/>
						<line hits="0" number="122"/>
						<line hits="0" number="123"/>
						<line hits="0" number="126"/>
						<line hits="0" number="136"/>
						<line hits="0" number="137"/>
						<line hits="0" number="138"/>
						<line hits="0" number="139"/>
						<line hits="0" number="144"/>
						<line hits="0" number="151"/>
						<line hits="0" number="155"/>
						<line hits="0" number="158"/>
						<line hits="0" number="165"/>
						<line hits="0" number="166"/>
						<line hits="0" number="167"/>
						<line hits="0" number="170"/>
						<line hits="0" number="171"/>
						<line hits="0" number="182"/>
						<line hits="0" number="192"/>
						<line hits="0" number="193"/>
						<line hits="0" number="197"/>
						<line hits="0" number="198"/>
						<line hits="0" number="199"/>
						<line hits="0" number="203"/>
						<line hits="0" number="205"/>
						<line hits="0" number="207"/>
						<line hits="0" number="208"/>
						<line hits="0" number="209"/>
						<line hits="0" number="210"/>
						<line hits="0" number="212"/>
						<line hits="0" number="215"/>
						<line hits="0" number="218"/>
						<line hits="0" number="219"/>
						<line hits="0" number="221"/>
						<line hits="0" number="222"/>
						<line hits="0" number="223"/>
						<line hits="0" number="224"/>
						<line hits="0" number="231"/>
						<line hits="0" number="232"/>
						<line hits="0" number="233"/>
						<line hits="0" number="234"/>
						<line hits="0" number="237"/>
						<line hits="0" number="238"/>
						<line hits="0" number="239"/>
						<line hits="0" number="241"/>
						<line hits="0" number="242"/>
						<line hits="0" number="247"/>
						<line hits="0" number="248"/>
						<line hits="1" number="261"/>
						<line hits="0" number="264"/>
						<line hits="0" number="266"/>
						<line hits="0" number="267"/>
						<line hits="0" number="269"/>
						<line hits="0" number="271"/>
						<line hits="1" number="277"/>
						<line hits="1" number="279"/>
						<line hits="1" number="280"/>
						<line hits="1" number="282"/>
						<line hits="0" number="283"/>
						<line hits="1" number="291"/>
						<line hits="1" number="300"/>
						<line hits="0" number="301"/>
						<line hits="1" number="304"/>
						<line hits="0" number="305"/>
						<line hits="0" number="306"/>
						<line hits="0" number="307"/>
						<line hits="0" number="308"/>
						<line hits="0" number="310"/>
						<line hits="0" number="312"/>
						<line hits="0" number="315"/>
						<line hits="0" number="317"/>
						<line hits="0" number="318"/>
						<line hits="0" number="319"/>
						<line hits="0" number="322"/>
						<line hits="0" number="323"/>
						<line hits="0" number="324"/>
						<line hits="0" number="325"/>
						<line hits="0" number="326"/>
						<line hits="0" number="327"/>
						<line hits="0" number="335"/>
						<line hits="0" number="349"/>
						<line hits="0" number="351"/>
						<line hits="0" number="352"/>
						<line hits="0" number="353"/>
						<line hits="0" number="354"/>
						<line hits="0" number="355"/>
						<line hits="0" number="356"/>
						<line hits="0" number="357"/>
						<line hits="0" number="358"/>
						<line hits="0" number="360"/>
						<line hits="1" number="368"/>
						<line hits="1" number="369"/>
						<line hits="1" number="371"/>
						<line hits="1" number="373"/>
						<line hits="1" number="375"/>
						<line hits="1" number="376"/>
						<line hits="1" number="378"/>
						<line hits="1" number="380"/>
					</lines>
				</class>
				<class branch-rate="0" complexity="0" filename="C:/Users/nicla/AppData/Roaming/Python/Python37/site-packages/PIL/BufrStubImagePlugin.py" line-rate="0.5" name="BufrStubImagePlugin.py">
					<methods/>
					<lines>
						<line hits="1" number="12"/>
						<line hits="1" number="14"/>
						<line hits="1" number="17"/>
						<line hits="0" number="24"/>
						<line hits="1" number="31"/>
						<line hits="1" number="32"/>
						<line hits="1" number="35"/>
						<line hits="1" number="37"/>
						<line hits="1" number="38"/>
						<line hits="1" number="40"/>
						<line hits="0" number="42"/>
						<line hits="0" number="44"/>
						<line hits="0" number="45"/>
						<line hits="0" number="47"/>
						<line hits="0" number="50"/>
						<line hits="0" number="51"/>
						<line hits="0" number="53"/>
						<line hits="0" number="54"/>
						<line hits="0" number="55"/>
						<line hits="1" number="57"/>
						<line hits="0" number="58"/>
						<line hits="1" number="61"/>
						<line hits="0" number="62"/>
						<line hits="0" number="63"/>
						<line hits="0" number="64"/>
						<line hits="1" number="70"/>
						<line hits="1" number="71"/>
						<line hits="1" number="73"/>
					</lines>
				</class>
				<class branch-rate="0" complexity="0" filename="C:/Users/nicla/AppData/Roaming/Python/Python37/site-packages/PIL/CurImagePlugin.py" line-rate="0.3793" name="CurImagePlugin.py">
					<methods/>
					<lines>
						<line hits="1" number="18"/>
						<line hits="1" number="19"/>
						<line hits="1" number="20"/>
						<line hits="1" number="26"/>
						<line hits="1" number="27"/>
						<line hits="1" number="34"/>
						<line hits="1" number="36"/>
						<line hits="1" number="37"/>
						<line hits="1" number="39"/>
						<line hits="0" number="41"/>
						<line hits="0" number="44"/>
						<line hits="0" number="45"/>
						<line hits="0" number="46"/>
						<line hits="0" number="49"/>
						<line hits="0" number="50"/>
						<line hits="0" number="51"/>
						<line hits="0" number="52"/>
						<line hits="0" number="53"/>
						<line hits="0" number="54"/>
						<line hits="0" number="55"/>
						<line hits="0" number="56"/>
						<line hits="0" number="57"/>
						<line hits="0" number="60"/>
						<line hits="0" number="63"/>
						<line hits="0" number="64"/>
						<line hits="0" number="65"/>
						<line hits="0" number="67"/>
						<line hits="1" number="73"/>
						<line hits="1" number="75"/>
					</lines>
				</class>
				<class branch-rate="0" complexity="0" filename="C:/Users/nicla/AppData/Roaming/Python/Python37/site-packages/PIL/DcxImagePlugin.py" line-rate="0.3721" name="DcxImagePlugin.py">
					<methods/>
					<lines>
						<line hits="1" number="24"/>
						<line hits="1" number="25"/>
						<line hits="1" number="26"/>
						<line hits="1" number="28"/>
						<line hits="1" number="31"/>
						<line hits="1" number="32"/>
						<line hits="1" number="39"/>
						<line hits="1" number="41"/>
						<line hits="1" number="42"/>
						<line hits="1" number="43"/>
						<line hits="1" number="45"/>
						<line hits="0" number="48"/>
						<line hits="0" number="49"/>
						<line hits="0" number="50"/>
						<line hits="0" number="53"/>
						<line hits="0" number="54"/>
						<line hits="0" number="55"/>
						<line hits="0" number="56"/>
						<line hits="0" number="57"/>
						<line hits="0" number="58"/>
						<line hits="0" number="60"/>
						<line hits="0" number="61"/>
						<line hits="0" number="62"/>
						<line hits="0" number="63"/>
						<line hits="0" number="64"/>
						<line hits="1" number="66"/>
						<line hits="0" number="67"/>
						<line hits="0" number="68"/>
						<line hits="0" number="69"/>
						<line hits="0" number="70"/>
						<line hits="0" number="71"/>
						<line hits="0" number="72"/>
						<line hits="1" number="74"/>
						<line hits="0" number="75"/>
						<line hits="1" number="77"/>
						<line hits="0" number="78"/>
						<line hits="0" number="79"/>
						<line hits="0" number="80"/>
						<line hits="0" number="81"/>
						<line hits="0" number="82"/>
						<line hits="0" number="84"/>
						<line hits="1" number="87"/>
						<line hits="1" number="89"/>
					</lines>
				</class>
				<class branch-rate="0" complexity="0" filename="C:/Users/nicla/AppData/Roaming/Python/Python37/site-packages/PIL/DdsImagePlugin.py" line-rate="0.5645" name="DdsImagePlugin.py">
					<methods/>
					<lines>
						<line hits="1" number="13"/>
						<line hits="1" number="14"/>
						<line hits="1" number="16"/>
						<line hits="1" number="19"/>
						<line hits="1" number="22"/>
						<line hits="1" number="23"/>
						<line hits="1" number="24"/>
						<line hits="1" number="25"/>
						<line hits="1" number="26"/>
						<line hits="1" number="27"/>
						<line hits="1" number="28"/>
						<line hits="1" number="29"/>
						<line hits="1" number="32"/>
						<line hits="1" number="33"/>
						<line hits="1" number="34"/>
						<line hits="1" number="36"/>
						<line hits="1" number="37"/>
						<line hits="1" number="38"/>
						<line hits="1" number="39"/>
						<line hits="1" number="40"/>
						<line hits="1" number="41"/>
						<line hits="1" number="42"/>
						<line hits="1" number="43"/>
						<line hits="1" number="46"/>
						<line hits="1" number="47"/>
						<line hits="1" number="48"/>
						<line hits="1" number="49"/>
						<line hits="1" number="50"/>
						<line hits="1" number="51"/>
						<line hits="1" number="56"/>
						<line hits="1" number="57"/>
						<line hits="1" number="58"/>
						<line hits="1" number="59"/>
						<line hits="1" number="60"/>
						<line hits="1" number="61"/>
						<line hits="1" number="62"/>
						<line hits="1" number="64"/>
						<line hits="1" number="65"/>
						<line hits="1" number="66"/>
						<line hits="1" number="67"/>
						<line hits="1" number="68"/>
						<line hits="1" number="70"/>
						<line hits="1" number="71"/>
						<line hits="1" number="73"/>
						<line hits="1" number="74"/>
						<line hits="1" number="75"/>
						<line hits="1" number="77"/>
						<line hits="1" number="78"/>
						<line hits="1" number="79"/>
						<line hits="1" number="80"/>
						<line hits="1" number="81"/>
						<line hits="1" number="82"/>
						<line hits="1" number="86"/>
						<line hits="1" number="89"/>
						<line hits="1" number="92"/>
						<line hits="1" number="97"/>
						<line hits="1" number="98"/>
						<line hits="1" number="99"/>
						<line hits="1" number="100"/>
						<line hits="1" number="101"/>
						<line hits="1" number="102"/>
						<line hits="1" number="105"/>
						<line hits="1" number="106"/>
						<line hits="1" number="107"/>
						<line hits="1" number="109"/>
						<line hits="0" number="110"/>
						<line hits="0" number="111"/>
						<line hits="0" number="112"/>
						<line hits="0" number="113"/>
						<line hits="0" number="114"/>
						<line hits="0" number="115"/>
						<line hits="0" number="116"/>
						<line hits="0" number="118"/>
						<line hits="0" number="119"/>
						<line hits="0" number="120"/>
						<line hits="0" number="122"/>
						<line hits="0" number="123"/>
						<line hits="0" number="126"/>
						<line hits="0" number="127"/>
						<line hits="0" number="128"/>
						<line hits="0" number="129"/>
						<line hits="0" number="130"/>
						<line hits="0" number="132"/>
						<line hits="0" number="133"/>
						<line hits="0" number="134"/>
						<line hits="0" number="135"/>
						<line hits="0" number="136"/>
						<line hits="0" number="138"/>
						<line hits="0" number="140"/>
						<line hits="0" number="141"/>
						<line hits="0" number="142"/>
						<line hits="0" number="143"/>
						<line hits="0" number="144"/>
						<line hits="0" number="145"/>
						<line hits="0" number="146"/>
						<line hits="0" number="147"/>
						<line hits="0" number="148"/>
						<line hits="0" number="149"/>
						<line hits="0" number="150"/>
						<line hits="0" number="151"/>
						<line hits="0" number="152"/>
						<line hits="0" number="154"/>
						<line hits="0" number="155"/>
						<line hits="0" number="156"/>
						<line hits="0" number="157"/>
						<line hits="0" number="158"/>
						<line hits="0" number="159"/>
						<line hits="0" number="160"/>
						<line hits="0" number="161"/>
						<line hits="0" number="162"/>
						<line hits="0" number="163"/>
						<line hits="0" number="168"/>
						<line hits="0" number="169"/>
						<line hits="0" number="170"/>
						<line hits="0" number="171"/>
						<line hits="0" number="173"/>
						<line hits="0" number="177"/>
						<line hits="0" number="179"/>
						<line hits="1" number="181"/>
						<line hits="0" number="182"/>
						<line hits="1" number="185"/>
						<line hits="1" number="186"/>
						<line hits="1" number="189"/>
						<line hits="1" number="190"/>
					</lines>
				</class>
				<class branch-rate="0" complexity="0" filename="C:/Users/nicla/AppData/Roaming/Python/Python37/site-packages/PIL/EpsImagePlugin.py" line-rate="0.1652" name="EpsImagePlugin.py">
					<methods/>
					<lines>
						<line hits="1" number="23"/>
						<line hits="1" number="24"/>
						<line hits="1" number="25"/>
						<line hits="1" number="26"/>
						<line hits="1" number="27"/>
						<line hits="1" number="28"/>
						<line hits="1" number="30"/>
						<line hits="1" number="31"/>
						<line hits="1" number="36"/>
						<line hits="1" number="37"/>
						<line hits="1" number="39"/>
						<line hits="1" number="40"/>
						<line hits="1" number="41"/>
						<line hits="1" number="43"/>
						<line hits="1" number="44"/>
						<line hits="0" number="45"/>
						<line hits="0" number="46"/>
						<line hits="1" number="48"/>
						<line hits="1" number="51"/>
						<line hits="0" number="52"/>
						<line hits="0" number="53"/>
						<line hits="0" number="54"/>
						<line hits="0" number="55"/>
						<line hits="0" number="56"/>
						<line hits="0" number="57"/>
						<line hits="0" number="58"/>
						<line hits="0" number="60"/>
						<line hits="0" number="61"/>
						<line hits="1" number="64"/>
						<line hits="0" number="68"/>
						<line hits="0" number="69"/>
						<line hits="0" number="72"/>
						<line hits="0" number="75"/>
						<line hits="0" number="77"/>
						<line hits="0" number="82"/>
						<line hits="0" number="83"/>
						<line hits="0" number="85"/>
						<line hits="0" number="86"/>
						<line hits="0" number="87"/>
						<line hits="0" number="89"/>
						<line hits="0" number="90"/>
						<line hits="0" number="91"/>
						<line hits="0" number="96"/>
						<line hits="0" number="98"/>
						<line hits="0" number="99"/>
						<line hits="0" number="102"/>
						<line hits="0" number="103"/>
						<line hits="0" number="104"/>
						<line hits="0" number="105"/>
						<line hits="0" number="106"/>
						<line hits="0" number="107"/>
						<line hits="0" number="108"/>
						<line hits="0" number="109"/>
						<line hits="0" number="112"/>
						<line hits="0" number="132"/>
						<line hits="0" number="133"/>
						<line hits="0" number="134"/>
						<line hits="0" number="135"/>
						<line hits="0" number="138"/>
						<line hits="0" number="139"/>
						<line hits="0" number="140"/>
						<line hits="0" number="141"/>
						<line hits="0" number="142"/>
						<line hits="0" number="143"/>
						<line hits="0" number="144"/>
						<line hits="0" number="145"/>
						<line hits="0" number="147"/>
						<line hits="0" number="148"/>
						<line hits="0" number="149"/>
						<line hits="0" number="150"/>
						<line hits="0" number="151"/>
						<line hits="0" number="152"/>
						<line hits="0" number="154"/>
						<line hits="0" number="155"/>
						<line hits="0" number="156"/>
						<line hits="1" number="159"/>
						<line hits="1" number="164"/>
						<line hits="0" number="165"/>
						<line hits="0" number="166"/>
						<line hits="1" number="168"/>
						<line hits="0" number="169"/>
						<line hits="0" number="170"/>
						<line hits="1" number="172"/>
						<line hits="0" number="173"/>
						<line hits="0" number="174"/>
						<line hits="0" number="176"/>
						<line hits="0" number="177"/>
						<line hits="0" number="178"/>
						<line hits="0" number="179"/>
						<line hits="0" number="181"/>
						<line hits="0" number="183"/>
						<line hits="0" number="184"/>
						<line hits="0" number="186"/>
						<line hits="1" number="189"/>
						<line hits="1" number="190"/>
						<line hits="1" number="198"/>
						<line hits="1" number="201"/>
						<line hits="1" number="202"/>
						<line hits="1" number="204"/>
						<line hits="1" number="206"/>
						<line hits="0" number="207"/>
						<line hits="0" number="211"/>
						<line hits="0" number="214"/>
						<line hits="0" number="216"/>
						<line hits="0" number="218"/>
						<line hits="0" number="219"/>
						<line hits="0" number="224"/>
						<line hits="0" number="225"/>
						<line hits="0" number="227"/>
						<line hits="0" number="228"/>
						<line hits="0" number="229"/>
						<line hits="0" number="230"/>
						<line hits="0" number="232"/>
						<line hits="0" number="233"/>
						<line hits="0" number="234"/>
						<line hits="0" number="235"/>
						<line hits="0" number="237"/>
						<line hits="0" number="238"/>
						<line hits="0" number="239"/>
						<line hits="0" number="240"/>
						<line hits="0" number="241"/>
						<line hits="0" number="245"/>
						<line hits="0" number="246"/>
						<line hits="0" number="247"/>
						<line hits="0" number="250"/>
						<line hits="0" number="251"/>
						<line hits="0" number="254"/>
						<line hits="0" number="255"/>
						<line hits="0" number="256"/>
						<line hits="0" number="258"/>
						<line hits="0" number="259"/>
						<line hits="0" number="260"/>
						<line hits="0" number="261"/>
						<line hits="0" number="263"/>
						<line hits="0" number="264"/>
						<line hits="0" number="267"/>
						<line hits="0" number="269"/>
						<line hits="0" number="271"/>
						<line hits="0" number="272"/>
						<line hits="0" number="274"/>
						<line hits="0" number="275"/>
						<line hits="0" number="280"/>
						<line hits="0" number="282"/>
						<line hits="0" number="283"/>
						<line hits="0" number="285"/>
						<line hits="0" number="287"/>
						<line hits="0" number="289"/>
						<line hits="0" number="290"/>
						<line hits="0" number="291"/>
						<line hits="0" number="292"/>
						<line hits="0" number="293"/>
						<line hits="0" number="294"/>
						<line hits="0" number="296"/>
						<line hits="0" number="297"/>
						<line hits="0" number="299"/>
						<line hits="0" number="300"/>
						<line hits="0" number="301"/>
						<line hits="0" number="303"/>
						<line hits="0" number="304"/>
						<line hits="1" number="306"/>
						<line hits="0" number="308"/>
						<line hits="0" number="310"/>
						<line hits="0" number="312"/>
						<line hits="0" number="313"/>
						<line hits="0" number="314"/>
						<line hits="0" number="315"/>
						<line hits="0" number="321"/>
						<line hits="0" number="322"/>
						<line hits="0" number="324"/>
						<line hits="0" number="326"/>
						<line hits="1" number="328"/>
						<line hits="0" number="330"/>
						<line hits="0" number="331"/>
						<line hits="0" number="332"/>
						<line hits="0" number="333"/>
						<line hits="0" number="334"/>
						<line hits="0" number="335"/>
						<line hits="1" number="337"/>
						<line hits="0" number="340"/>
						<line hits="1" number="347"/>
						<line hits="0" number="352"/>
						<line hits="0" number="356"/>
						<line hits="0" number="357"/>
						<line hits="0" number="358"/>
						<line hits="0" number="359"/>
						<line hits="0" number="360"/>
						<line hits="0" number="361"/>
						<line hits="0" number="363"/>
						<line hits="0" number="365"/>
						<line hits="0" number="366"/>
						<line hits="0" number="367"/>
						<line hits="0" number="368"/>
						<line hits="0" number="369"/>
						<line hits="0" number="371"/>
						<line hits="0" number="372"/>
						<line hits="0" number="375"/>
						<line hits="0" number="376"/>
						<line hits="0" number="378"/>
						<line hits="0" number="379"/>
						<line hits="0" number="380"/>
						<line hits="0" number="381"/>
						<line hits="0" number="382"/>
						<line hits="0" number="383"/>
						<line hits="0" number="387"/>
						<line hits="0" number="388"/>
						<line hits="0" number="389"/>
						<line hits="0" number="390"/>
						<line hits="0" number="391"/>
						<line hits="0" number="392"/>
						<line hits="0" number="393"/>
						<line hits="0" number="394"/>
						<line hits="0" number="395"/>
						<line hits="0" number="396"/>
						<line hits="0" number="398"/>
						<line hits="0" number="400"/>
						<line hits="0" number="401"/>
						<line hits="0" number="402"/>
						<line hits="0" number="403"/>
						<line hits="0" number="405"/>
						<line hits="0" number="406"/>
						<line hits="1" number="413"/>
						<line hits="1" number="415"/>
						<line hits="1" number="417"/>
						<line hits="1" number="419"/>
					</lines>
				</class>
				<class branch-rate="0" complexity="0" filename="C:/Users/nicla/AppData/Roaming/Python/Python37/site-packages/PIL/FitsStubImagePlugin.py" line-rate="0.5" name="FitsStubImagePlugin.py">
					<methods/>
					<lines>
						<line hits="1" number="12"/>
						<line hits="1" number="14"/>
						<line hits="1" number="17"/>
						<line hits="0" number="24"/>
						<line hits="1" number="31"/>
						<line hits="1" number="32"/>
						<line hits="1" number="35"/>
						<line hits="1" number="37"/>
						<line hits="1" number="38"/>
						<line hits="1" number="40"/>
						<line hits="0" number="42"/>
						<line hits="0" number="44"/>
						<line hits="0" number="45"/>
						<line hits="0" number="50"/>
						<line hits="0" number="53"/>
						<line hits="0" number="54"/>
						<line hits="0" number="56"/>
						<line hits="0" number="57"/>
						<line hits="0" number="58"/>
						<line hits="1" number="60"/>
						<line hits="0" number="61"/>
						<line hits="1" number="64"/>
						<line hits="0" number="65"/>
						<line hits="0" number="66"/>
						<line hits="0" number="67"/>
						<line hits="1" number="73"/>
						<line hits="1" number="74"/>
						<line hits="1" number="76"/>
					</lines>
				</class>
				<class branch-rate="0" complexity="0" filename="C:/Users/nicla/AppData/Roaming/Python/Python37/site-packages/PIL/FliImagePlugin.py" line-rate="0.1957" name="FliImagePlugin.py">
					<methods/>
					<lines>
						<line hits="1" number="19"/>
						<line hits="1" number="20"/>
						<line hits="1" number="21"/>
						<line hits="1" number="22"/>
						<line hits="1" number="28"/>
						<line hits="1" number="29"/>
						<line hits="1" number="37"/>
						<line hits="1" number="39"/>
						<line hits="1" number="40"/>
						<line hits="1" number="41"/>
						<line hits="1" number="43"/>
						<line hits="0" number="46"/>
						<line hits="0" number="47"/>
						<line hits="0" number="52"/>
						<line hits="0" number="55"/>
						<line hits="0" number="56"/>
						<line hits="0" number="59"/>
						<line hits="0" number="60"/>
						<line hits="0" number="63"/>
						<line hits="0" number="64"/>
						<line hits="0" number="65"/>
						<line hits="0" number="66"/>
						<line hits="0" number="67"/>
						<line hits="0" number="70"/>
						<line hits="0" number="72"/>
						<line hits="0" number="74"/>
						<line hits="0" number="76"/>
						<line hits="0" number="78"/>
						<line hits="0" number="79"/>
						<line hits="0" number="81"/>
						<line hits="0" number="83"/>
						<line hits="0" number="84"/>
						<line hits="0" number="85"/>
						<line hits="0" number="86"/>
						<line hits="0" number="87"/>
						<line hits="0" number="89"/>
						<line hits="0" number="90"/>
						<line hits="0" number="93"/>
						<line hits="0" number="94"/>
						<line hits="0" number="95"/>
						<line hits="0" number="96"/>
						<line hits="1" number="98"/>
						<line hits="0" number="101"/>
						<line hits="0" number="102"/>
						<line hits="0" number="103"/>
						<line hits="0" number="104"/>
						<line hits="0" number="105"/>
						<line hits="0" number="106"/>
						<line hits="0" number="107"/>
						<line hits="0" number="108"/>
						<line hits="0" number="109"/>
						<line hits="0" number="110"/>
						<line hits="0" number="111"/>
						<line hits="0" number="112"/>
						<line hits="0" number="113"/>
						<line hits="0" number="114"/>
						<line hits="1" number="116"/>
						<line hits="0" number="117"/>
						<line hits="0" number="118"/>
						<line hits="0" number="119"/>
						<line hits="0" number="120"/>
						<line hits="0" number="122"/>
						<line hits="0" number="123"/>
						<line hits="1" number="125"/>
						<line hits="0" number="126"/>
						<line hits="0" number="127"/>
						<line hits="0" number="128"/>
						<line hits="0" number="129"/>
						<line hits="0" number="132"/>
						<line hits="0" number="134"/>
						<line hits="0" number="135"/>
						<line hits="0" number="136"/>
						<line hits="0" number="139"/>
						<line hits="0" number="140"/>
						<line hits="0" number="142"/>
						<line hits="0" number="143"/>
						<line hits="0" number="144"/>
						<line hits="0" number="146"/>
						<line hits="0" number="148"/>
						<line hits="0" number="149"/>
						<line hits="0" number="151"/>
						<line hits="1" number="153"/>
						<line hits="0" number="154"/>
						<line hits="1" number="156"/>
						<line hits="0" number="157"/>
						<line hits="0" number="158"/>
						<line hits="0" number="159"/>
						<line hits="0" number="160"/>
						<line hits="0" number="161"/>
						<line hits="0" number="163"/>
						<line hits="1" number="169"/>
						<line hits="1" number="171"/>
					</lines>
				</class>
				<class branch-rate="0" complexity="0" filename="C:/Users/nicla/AppData/Roaming/Python/Python37/site-packages/PIL/FpxImagePlugin.py" line-rate="0.1667" name="FpxImagePlugin.py">
					<methods/>
					<lines>
						<line hits="1" number="17"/>
						<line hits="1" number="19"/>
						<line hits="1" number="20"/>
						<line hits="1" number="23"/>
						<line hits="1" number="42"/>
						<line hits="1" number="43"/>
						<line hits="1" number="50"/>
						<line hits="1" number="52"/>
						<line hits="1" number="53"/>
						<line hits="1" number="55"/>
						<line hits="0" number="60"/>
						<line hits="0" number="61"/>
						<line hits="0" number="62"/>
						<line hits="0" number="63"/>
						<line hits="0" number="65"/>
						<line hits="0" number="66"/>
						<line hits="0" number="68"/>
						<line hits="1" number="70"/>
						<line hits="0" number="74"/>
						<line hits="0" number="80"/>
						<line hits="0" number="82"/>
						<line hits="0" number="83"/>
						<line hits="0" number="84"/>
						<line hits="0" number="85"/>
						<line hits="0" number="86"/>
						<line hits="0" number="87"/>
						<line hits="0" number="95"/>
						<line hits="0" number="97"/>
						<line hits="0" number="99"/>
						<line hits="0" number="100"/>
						<line hits="0" number="101"/>
						<line hits="0" number="102"/>
						<line hits="0" number="103"/>
						<line hits="0" number="105"/>
						<line hits="0" number="107"/>
						<line hits="0" number="110"/>
						<line hits="0" number="111"/>
						<line hits="0" number="112"/>
						<line hits="0" number="113"/>
						<line hits="0" number="114"/>
						<line hits="0" number="116"/>
						<line hits="1" number="118"/>
						<line hits="0" number="122"/>
						<line hits="0" number="128"/>
						<line hits="0" number="131"/>
						<line hits="0" number="134"/>
						<line hits="0" number="136"/>
						<line hits="0" number="138"/>
						<line hits="0" number="140"/>
						<line hits="0" number="141"/>
						<line hits="0" number="143"/>
						<line hits="0" number="144"/>
						<line hits="0" number="147"/>
						<line hits="0" number="148"/>
						<line hits="0" number="150"/>
						<line hits="0" number="151"/>
						<line hits="0" number="152"/>
						<line hits="0" number="153"/>
						<line hits="0" number="155"/>
						<line hits="0" number="157"/>
						<line hits="0" number="159"/>
						<line hits="0" number="160"/>
						<line hits="0" number="169"/>
						<line hits="0" number="172"/>
						<line hits="0" number="181"/>
						<line hits="0" number="183"/>
						<line hits="0" number="184"/>
						<line hits="0" number="185"/>
						<line hits="0" number="187"/>
						<line hits="0" number="189"/>
						<line hits="0" number="193"/>
						<line hits="0" number="195"/>
						<line hits="0" number="199"/>
						<line hits="0" number="201"/>
						<line hits="0" number="213"/>
						<line hits="0" number="214"/>
						<line hits="0" number="217"/>
						<line hits="0" number="219"/>
						<line hits="0" number="220"/>
						<line hits="0" number="221"/>
						<line hits="0" number="222"/>
						<line hits="0" number="223"/>
						<line hits="0" number="225"/>
						<line hits="0" number="226"/>
						<line hits="1" number="228"/>
						<line hits="0" number="230"/>
						<line hits="0" number="231"/>
						<line hits="0" number="233"/>
						<line hits="1" number="240"/>
						<line hits="1" number="242"/>
					</lines>
				</class>
				<class branch-rate="0" complexity="0" filename="C:/Users/nicla/AppData/Roaming/Python/Python37/site-packages/PIL/FtexImagePlugin.py" line-rate="0.4412" name="FtexImagePlugin.py">
					<methods/>
					<lines>
						<line hits="1" number="54"/>
						<line hits="1" number="55"/>
						<line hits="1" number="57"/>
						<line hits="1" number="59"/>
						<line hits="1" number="60"/>
						<line hits="1" number="61"/>
						<line hits="1" number="64"/>
						<line hits="1" number="65"/>
						<line hits="1" number="66"/>
						<line hits="1" number="68"/>
						<line hits="0" number="69"/>
						<line hits="0" number="70"/>
						<line hits="0" number="71"/>
						<line hits="0" number="72"/>
						<line hits="0" number="74"/>
						<line hits="0" number="78"/>
						<line hits="0" number="80"/>
						<line hits="0" number="81"/>
						<line hits="0" number="82"/>
						<line hits="0" number="84"/>
						<line hits="0" number="86"/>
						<line hits="0" number="87"/>
						<line hits="0" number="88"/>
						<line hits="0" number="89"/>
						<line hits="0" number="90"/>
						<line hits="0" number="92"/>
						<line hits="0" number="94"/>
						<line hits="0" number="95"/>
						<line hits="1" number="97"/>
						<line hits="0" number="98"/>
						<line hits="1" number="101"/>
						<line hits="1" number="102"/>
						<line hits="1" number="105"/>
						<line hits="1" number="106"/>
					</lines>
				</class>
				<class branch-rate="0" complexity="0" filename="C:/Users/nicla/AppData/Roaming/Python/Python37/site-packages/PIL/GbrImagePlugin.py" line-rate="0.2558" name="GbrImagePlugin.py">
					<methods/>
					<lines>
						<line hits="1" number="27"/>
						<line hits="1" number="28"/>
						<line hits="1" number="31"/>
						<line hits="1" number="32"/>
						<line hits="1" number="39"/>
						<line hits="1" number="41"/>
						<line hits="1" number="42"/>
						<line hits="1" number="44"/>
						<line hits="0" number="45"/>
						<line hits="0" number="46"/>
						<line hits="0" number="47"/>
						<line hits="0" number="48"/>
						<line hits="0" number="49"/>
						<line hits="0" number="50"/>
						<line hits="0" number="52"/>
						<line hits="0" number="53"/>
						<line hits="0" number="54"/>
						<line hits="0" number="55"/>
						<line hits="0" number="56"/>
						<line hits="0" number="57"/>
						<line hits="0" number="58"/>
						<line hits="0" number="60"/>
						<line hits="0" number="61"/>
						<line hits="0" number="63"/>
						<line hits="0" number="64"/>
						<line hits="0" number="65"/>
						<line hits="0" number="66"/>
						<line hits="0" number="67"/>
						<line hits="0" number="69"/>
						<line hits="0" number="71"/>
						<line hits="0" number="72"/>
						<line hits="0" number="74"/>
						<line hits="0" number="76"/>
						<line hits="0" number="78"/>
						<line hits="0" number="81"/>
						<line hits="0" number="84"/>
						<line hits="1" number="86"/>
						<line hits="0" number="87"/>
						<line hits="0" number="89"/>
						<line hits="0" number="91"/>
						<line hits="0" number="92"/>
						<line hits="1" number="99"/>
						<line hits="1" number="100"/>
					</lines>
				</class>
				<class branch-rate="0" complexity="0" filename="C:/Users/nicla/AppData/Roaming/Python/Python37/site-packages/PIL/GifImagePlugin.py" line-rate="0.1086" name="GifImagePlugin.py">
					<methods/>
					<lines>
						<line hits="1" number="27"/>
						<line hits="1" number="28"/>
						<line hits="1" number="29"/>
						<line hits="1" number="30"/>
						<line hits="1" number="32"/>
						<line hits="1" number="33"/>
						<line hits="1" number="34"/>
						<line hits="1" number="35"/>
						<line hits="1" number="41"/>
						<line hits="1" number="42"/>
						<line hits="1" number="50"/>
						<line hits="1" number="52"/>
						<line hits="1" number="53"/>
						<line hits="1" number="54"/>
						<line hits="1" number="56"/>
						<line hits="1" number="58"/>
						<line hits="0" number="59"/>
						<line hits="0" number="60"/>
						<line hits="0" number="61"/>
						<line hits="0" number="62"/>
						<line hits="1" number="64"/>
						<line hits="0" number="67"/>
						<line hits="0" number="68"/>
						<line hits="0" number="69"/>
						<line hits="0" number="71"/>
						<line hits="0" number="72"/>
						<line hits="0" number="73"/>
						<line hits="0" number="74"/>
						<line hits="0" number="75"/>
						<line hits="0" number="77"/>
						<line hits="0" number="79"/>
						<line hits="0" number="81"/>
						<line hits="0" number="82"/>
						<line hits="0" number="83"/>
						<line hits="0" number="84"/>
						<line hits="0" number="85"/>
						<line hits="0" number="86"/>
						<line hits="0" number="88"/>
						<line hits="0" number="89"/>
						<line hits="0" number="90"/>
						<line hits="0" number="91"/>
						<line hits="0" number="92"/>
						<line hits="1" number="94"/>
						<line hits="0" number="96"/>
						<line hits="0" number="97"/>
						<line hits="0" number="98"/>
						<line hits="0" number="99"/>
						<line hits="0" number="100"/>
						<line hits="0" number="101"/>
						<line hits="0" number="102"/>
						<line hits="0" number="103"/>
						<line hits="0" number="104"/>
						<line hits="1" number="106"/>
						<line hits="0" number="108"/>
						<line hits="0" number="109"/>
						<line hits="0" number="110"/>
						<line hits="0" number="112"/>
						<line hits="0" number="114"/>
						<line hits="0" number="115"/>
						<line hits="0" number="116"/>
						<line hits="0" number="117"/>
						<line hits="0" number="118"/>
						<line hits="0" number="120"/>
						<line hits="0" number="121"/>
						<line hits="1" number="123"/>
						<line hits="0" number="124"/>
						<line hits="0" number="125"/>
						<line hits="0" number="126"/>
						<line hits="0" number="127"/>
						<line hits="0" number="128"/>
						<line hits="0" number="129"/>
						<line hits="0" number="131"/>
						<line hits="0" number="132"/>
						<line hits="0" number="133"/>
						<line hits="0" number="134"/>
						<line hits="0" number="135"/>
						<line hits="0" number="136"/>
						<line hits="0" number="137"/>
						<line hits="1" number="139"/>
						<line hits="0" number="141"/>
						<line hits="0" number="143"/>
						<line hits="0" number="144"/>
						<line hits="0" number="145"/>
						<line hits="0" number="146"/>
						<line hits="0" number="147"/>
						<line hits="0" number="148"/>
						<line hits="0" number="149"/>
						<line hits="0" number="152"/>
						<line hits="0" number="153"/>
						<line hits="0" number="155"/>
						<line hits="0" number="156"/>
						<line hits="0" number="157"/>
						<line hits="0" number="159"/>
						<line hits="0" number="161"/>
						<line hits="0" number="162"/>
						<line hits="0" number="164"/>
						<line hits="0" number="165"/>
						<line hits="0" number="166"/>
						<line hits="0" number="167"/>
						<line hits="0" number="169"/>
						<line hits="0" number="170"/>
						<line hits="0" number="172"/>
						<line hits="0" number="174"/>
						<line hits="0" number="176"/>
						<line hits="0" number="177"/>
						<line hits="0" number="179"/>
						<line hits="0" number="180"/>
						<line hits="0" number="181"/>
						<line hits="0" number="183"/>
						<line hits="0" number="187"/>
						<line hits="0" number="188"/>
						<line hits="0" number="189"/>
						<line hits="0" number="193"/>
						<line hits="0" number="194"/>
						<line hits="0" number="195"/>
						<line hits="0" number="196"/>
						<line hits="0" number="199"/>
						<line hits="0" number="200"/>
						<line hits="0" number="201"/>
						<line hits="0" number="206"/>
						<line hits="0" number="207"/>
						<line hits="0" number="211"/>
						<line hits="0" number="212"/>
						<line hits="0" number="213"/>
						<line hits="0" number="215"/>
						<line hits="0" number="216"/>
						<line hits="0" number="217"/>
						<line hits="0" number="218"/>
						<line hits="0" number="222"/>
						<line hits="0" number="223"/>
						<line hits="0" number="224"/>
						<line hits="0" number="225"/>
						<line hits="0" number="226"/>
						<line hits="0" number="227"/>
						<line hits="0" number="228"/>
						<line hits="0" number="230"/>
						<line hits="0" number="234"/>
						<line hits="0" number="237"/>
						<line hits="0" number="238"/>
						<line hits="0" number="239"/>
						<line hits="0" number="240"/>
						<line hits="0" number="241"/>
						<line hits="0" number="242"/>
						<line hits="0" number="244"/>
						<line hits="0" number="246"/>
						<line hits="0" number="247"/>
						<line hits="0" number="248"/>
						<line hits="0" number="251"/>
						<line hits="0" number="252"/>
						<line hits="0" number="253"/>
						<line hits="0" number="256"/>
						<line hits="0" number="259"/>
						<line hits="0" number="262"/>
						<line hits="0" number="263"/>
						<line hits="0" number="265"/>
						<line hits="0" number="266"/>
						<line hits="0" number="268"/>
						<line hits="0" number="269"/>
						<line hits="0" number="272"/>
						<line hits="0" number="273"/>
						<line hits="0" number="276"/>
						<line hits="0" number="277"/>
						<line hits="0" number="278"/>
						<line hits="0" number="279"/>
						<line hits="0" number="281"/>
						<line hits="0" number="283"/>
						<line hits="0" number="285"/>
						<line hits="0" number="286"/>
						<line hits="0" number="287"/>
						<line hits="0" number="288"/>
						<line hits="0" number="289"/>
						<line hits="0" number="291"/>
						<line hits="0" number="292"/>
						<line hits="0" number="293"/>
						<line hits="1" number="295"/>
						<line hits="0" number="296"/>
						<line hits="1" number="298"/>
						<line hits="0" number="299"/>
						<line hits="0" number="303"/>
						<line hits="0" number="306"/>
						<line hits="0" number="307"/>
						<line hits="0" number="308"/>
						<line hits="0" number="309"/>
						<line hits="0" number="310"/>
						<line hits="1" number="312"/>
						<line hits="0" number="313"/>
						<line hits="0" number="314"/>
						<line hits="0" number="315"/>
						<line hits="0" number="316"/>
						<line hits="0" number="317"/>
						<line hits="0" number="319"/>
						<line hits="1" number="326"/>
						<line hits="1" number="329"/>
						<line hits="0" number="345"/>
						<line hits="0" number="346"/>
						<line hits="0" number="347"/>
						<line hits="0" number="348"/>
						<line hits="0" number="349"/>
						<line hits="0" number="350"/>
						<line hits="0" number="351"/>
						<line hits="0" number="352"/>
						<line hits="0" number="353"/>
						<line hits="0" number="355"/>
						<line hits="0" number="356"/>
						<line hits="1" number="359"/>
						<line hits="0" number="371"/>
						<line hits="0" number="372"/>
						<line hits="0" number="374"/>
						<line hits="0" number="375"/>
						<line hits="0" number="376"/>
						<line hits="0" number="377"/>
						<line hits="0" number="387"/>
						<line hits="0" number="388"/>
						<line hits="0" number="389"/>
						<line hits="0" number="391"/>
						<line hits="0" number="392"/>
						<line hits="0" number="393"/>
						<line hits="0" number="395"/>
						<line hits="0" number="396"/>
						<line hits="0" number="397"/>
						<line hits="0" number="399"/>
						<line hits="0" number="400"/>
						<line hits="1" number="403"/>
						<line hits="0" number="404"/>
						<line hits="0" number="405"/>
						<line hits="0" number="406"/>
						<line hits="0" number="407"/>
						<line hits="0" number="409"/>
						<line hits="0" number="410"/>
						<line hits="0" number="413"/>
						<line hits="0" number="414"/>
						<line hits="0" number="415"/>
						<line hits="0" number="416"/>
						<line hits="0" number="418"/>
						<line hits="0" number="419"/>
						<line hits="0" number="421"/>
						<line hits="1" number="424"/>
						<line hits="0" number="426"/>
						<line hits="0" number="427"/>
						<line hits="0" number="429"/>
						<line hits="0" number="430"/>
						<line hits="0" number="431"/>
						<line hits="0" number="432"/>
						<line hits="0" number="433"/>
						<line hits="0" number="435"/>
						<line hits="0" number="436"/>
						<line hits="0" number="437"/>
						<line hits="0" number="438"/>
						<line hits="0" number="439"/>
						<line hits="0" number="441"/>
						<line hits="0" number="442"/>
						<line hits="0" number="443"/>
						<line hits="0" number="444"/>
						<line hits="0" number="445"/>
						<line hits="0" number="446"/>
						<line hits="0" number="448"/>
						<line hits="0" number="450"/>
						<line hits="0" number="451"/>
						<line hits="0" number="452"/>
						<line hits="0" number="453"/>
						<line hits="0" number="457"/>
						<line hits="0" number="458"/>
						<line hits="0" number="459"/>
						<line hits="0" number="461"/>
						<line hits="0" number="462"/>
						<line hits="0" number="463"/>
						<line hits="0" number="465"/>
						<line hits="0" number="468"/>
						<line hits="0" number="469"/>
						<line hits="0" number="471"/>
						<line hits="0" number="472"/>
						<line hits="0" number="473"/>
						<line hits="0" number="475"/>
						<line hits="0" number="476"/>
						<line hits="0" number="478"/>
						<line hits="0" number="479"/>
						<line hits="0" number="480"/>
						<line hits="0" number="481"/>
						<line hits="0" number="483"/>
						<line hits="0" number="484"/>
						<line hits="0" number="485"/>
						<line hits="0" number="488"/>
						<line hits="0" number="490"/>
						<line hits="0" number="491"/>
						<line hits="0" number="492"/>
						<line hits="0" number="493"/>
						<line hits="0" number="494"/>
						<line hits="0" number="498"/>
						<line hits="1" number="501"/>
						<line hits="0" number="502"/>
						<line hits="1" number="505"/>
						<line hits="0" number="507"/>
						<line hits="0" number="508"/>
						<line hits="0" number="510"/>
						<line hits="0" number="511"/>
						<line hits="0" number="513"/>
						<line hits="0" number="514"/>
						<line hits="0" number="516"/>
						<line hits="0" number="518"/>
						<line hits="0" number="519"/>
						<line hits="1" number="522"/>
						<line hits="0" number="523"/>
						<line hits="0" number="526"/>
						<line hits="0" number="527"/>
						<line hits="0" number="529"/>
						<line hits="1" number="532"/>
						<line hits="0" number="533"/>
						<line hits="0" number="534"/>
						<line hits="0" number="535"/>
						<line hits="0" number="536"/>
						<line hits="0" number="537"/>
						<line hits="0" number="539"/>
						<line hits="0" number="541"/>
						<line hits="0" number="543"/>
						<line hits="0" number="544"/>
						<line hits="0" number="546"/>
						<line hits="0" number="547"/>
						<line hits="0" number="548"/>
						<line hits="0" number="549"/>
						<line hits="0" number="551"/>
						<line hits="0" number="552"/>
						<line hits="0" number="554"/>
						<line hits="0" number="556"/>
						<line hits="0" number="558"/>
						<line hits="0" number="559"/>
						<line hits="0" number="560"/>
						<line hits="0" number="561"/>
						<line hits="0" number="562"/>
						<line hits="0" number="564"/>
						<line hits="0" number="574"/>
						<line hits="0" number="575"/>
						<line hits="0" number="576"/>
						<line hits="0" number="577"/>
						<line hits="0" number="578"/>
						<line hits="0" number="579"/>
						<line hits="0" number="580"/>
						<line hits="0" number="581"/>
						<line hits="0" number="582"/>
						<line hits="0" number="583"/>
						<line hits="0" number="584"/>
						<line hits="0" number="585"/>
						<line hits="0" number="595"/>
						<line hits="0" number="596"/>
						<line hits="0" number="597"/>
						<line hits="0" number="598"/>
						<line hits="0" number="599"/>
						<line hits="0" number="600"/>
						<line hits="0" number="601"/>
						<line hits="0" number="603"/>
						<line hits="0" number="611"/>
						<line hits="0" number="612"/>
						<line hits="0" number="613"/>
						<line hits="1" number="616"/>
						<line hits="0" number="624"/>
						<line hits="0" number="626"/>
						<line hits="0" number="627"/>
						<line hits="0" number="628"/>
						<line hits="0" number="629"/>
						<line hits="0" number="635"/>
						<line hits="0" number="636"/>
						<line hits="0" number="637"/>
						<line hits="0" number="640"/>
						<line hits="0" number="648"/>
						<line hits="0" number="650"/>
						<line hits="0" number="651"/>
						<line hits="0" number="652"/>
						<line hits="0" number="654"/>
						<line hits="0" number="655"/>
						<line hits="0" number="656"/>
						<line hits="0" number="658"/>
						<line hits="0" number="659"/>
						<line hits="0" number="660"/>
						<line hits="0" number="661"/>
						<line hits="1" number="666"/>
						<line hits="1" number="669"/>
						<line hits="0" number="680"/>
						<line hits="0" number="691"/>
						<line hits="0" number="692"/>
						<line hits="0" number="694"/>
						<line hits="0" number="695"/>
						<line hits="0" number="696"/>
						<line hits="0" number="697"/>
						<line hits="0" number="699"/>
						<line hits="0" number="703"/>
						<line hits="1" number="706"/>
						<line hits="0" number="708"/>
						<line hits="0" number="709"/>
						<line hits="0" number="710"/>
						<line hits="0" number="711"/>
						<line hits="0" number="713"/>
						<line hits="1" number="716"/>
						<line hits="0" number="724"/>
						<line hits="0" number="728"/>
						<line hits="0" number="729"/>
						<line hits="0" number="730"/>
						<line hits="0" number="731"/>
						<line hits="1" number="734"/>
						<line hits="0" number="741"/>
						<line hits="1" number="744"/>
						<line hits="0" number="745"/>
						<line hits="0" number="746"/>
						<line hits="0" number="747"/>
						<line hits="0" number="748"/>
						<line hits="0" number="752"/>
						<line hits="0" number="753"/>
						<line hits="1" number="756"/>
						<line hits="0" number="762"/>
						<line hits="0" number="763"/>
						<line hits="0" number="764"/>
						<line hits="0" number="765"/>
						<line hits="0" number="768"/>
						<line hits="0" number="769"/>
						<line hits="0" number="770"/>
						<line hits="0" number="772"/>
						<line hits="0" number="773"/>
						<line hits="0" number="775"/>
						<line hits="0" number="777"/>
						<line hits="0" number="778"/>
						<line hits="0" number="780"/>
						<line hits="1" number="795"/>
						<line hits="0" number="796"/>
						<line hits="0" number="797"/>
						<line hits="0" number="800"/>
						<line hits="0" number="802"/>
						<line hits="0" number="806"/>
						<line hits="0" number="808"/>
						<line hits="1" number="815"/>
						<line hits="0" number="827"/>
						<line hits="0" number="829"/>
						<line hits="0" number="830"/>
						<line hits="0" number="832"/>
						<line hits="0" number="833"/>
						<line hits="0" number="835"/>
						<line hits="0" number="836"/>
						<line hits="0" number="837"/>
						<line hits="0" number="838"/>
						<line hits="0" number="840"/>
						<line hits="1" number="845"/>
						<line hits="0" number="860"/>
						<line hits="0" number="861"/>
						<line hits="0" number="863"/>
						<line hits="0" number="864"/>
						<line hits="0" number="866"/>
						<line hits="0" number="868"/>
						<line hits="0" number="870"/>
						<line hits="0" number="872"/>
						<line hits="1" number="878"/>
						<line hits="1" number="879"/>
						<line hits="1" number="880"/>
						<line hits="1" number="881"/>
						<line hits="1" number="882"/>
					</lines>
				</class>
				<class branch-rate="0" complexity="0" filename="C:/Users/nicla/AppData/Roaming/Python/Python37/site-packages/PIL/GimpGradientFile.py" line-rate="0.2273" name="GimpGradientFile.py">
					<methods/>
					<lines>
						<line hits="1" number="16"/>
						<line hits="1" number="23"/>
						<line hits="1" number="25"/>
						<line hits="1" number="27"/>
						<line hits="1" number="31"/>
						<line hits="0" number="32"/>
						<line hits="0" number="33"/>
						<line hits="0" number="34"/>
						<line hits="0" number="36"/>
						<line hits="0" number="38"/>
						<line hits="0" number="39"/>
						<line hits="0" number="40"/>
						<line hits="0" number="41"/>
						<line hits="0" number="43"/>
						<line hits="1" number="46"/>
						<line hits="0" number="47"/>
						<line hits="1" number="50"/>
						<line hits="0" number="51"/>
						<line hits="1" number="54"/>
						<line hits="0" number="55"/>
						<line hits="1" number="58"/>
						<line hits="0" number="59"/>
						<line hits="1" number="62"/>
						<line hits="1" number="66"/>
						<line hits="1" number="68"/>
						<line hits="1" number="70"/>
						<line hits="0" number="72"/>
						<line hits="0" number="74"/>
						<line hits="0" number="75"/>
						<line hits="0" number="77"/>
						<line hits="0" number="79"/>
						<line hits="0" number="81"/>
						<line hits="0" number="82"/>
						<line hits="0" number="83"/>
						<line hits="0" number="85"/>
						<line hits="0" number="87"/>
						<line hits="0" number="88"/>
						<line hits="0" number="90"/>
						<line hits="0" number="93"/>
						<line hits="0" number="94"/>
						<line hits="0" number="95"/>
						<line hits="0" number="96"/>
						<line hits="0" number="99"/>
						<line hits="0" number="101"/>
						<line hits="1" number="104"/>
						<line hits="1" number="107"/>
						<line hits="0" number="109"/>
						<line hits="0" number="110"/>
						<line hits="0" number="112"/>
						<line hits="0" number="115"/>
						<line hits="0" number="116"/>
						<line hits="0" number="118"/>
						<line hits="0" number="120"/>
						<line hits="0" number="122"/>
						<line hits="0" number="124"/>
						<line hits="0" number="125"/>
						<line hits="0" number="127"/>
						<line hits="0" number="128"/>
						<line hits="0" number="129"/>
						<line hits="0" number="130"/>
						<line hits="0" number="132"/>
						<line hits="0" number="133"/>
						<line hits="0" number="135"/>
						<line hits="0" number="136"/>
						<line hits="0" number="138"/>
						<line hits="0" number="140"/>
					</lines>
				</class>
				<class branch-rate="0" complexity="0" filename="C:/Users/nicla/AppData/Roaming/Python/Python37/site-packages/PIL/GimpPaletteFile.py" line-rate="0.2609" name="GimpPaletteFile.py">
					<methods/>
					<lines>
						<line hits="1" number="17"/>
						<line hits="1" number="19"/>
						<line hits="1" number="22"/>
						<line hits="1" number="25"/>
						<line hits="1" number="27"/>
						<line hits="0" number="29"/>
						<line hits="0" number="31"/>
						<line hits="0" number="32"/>
						<line hits="0" number="34"/>
						<line hits="0" number="36"/>
						<line hits="0" number="37"/>
						<line hits="0" number="38"/>
						<line hits="0" number="41"/>
						<line hits="0" number="42"/>
						<line hits="0" number="43"/>
						<line hits="0" number="44"/>
						<line hits="0" number="46"/>
						<line hits="0" number="47"/>
						<line hits="0" number="48"/>
						<line hits="0" number="50"/>
						<line hits="0" number="52"/>
						<line hits="1" number="54"/>
						<line hits="0" number="56"/>
					</lines>
				</class>
				<class branch-rate="0" complexity="0" filename="C:/Users/nicla/AppData/Roaming/Python/Python37/site-packages/PIL/GribStubImagePlugin.py" line-rate="0.5" name="GribStubImagePlugin.py">
					<methods/>
					<lines>
						<line hits="1" number="12"/>
						<line hits="1" number="14"/>
						<line hits="1" number="17"/>
						<line hits="0" number="24"/>
						<line hits="1" number="31"/>
						<line hits="1" number="32"/>
						<line hits="1" number="35"/>
						<line hits="1" number="37"/>
						<line hits="1" number="38"/>
						<line hits="1" number="40"/>
						<line hits="0" number="42"/>
						<line hits="0" number="44"/>
						<line hits="0" number="45"/>
						<line hits="0" number="47"/>
						<line hits="0" number="50"/>
						<line hits="0" number="51"/>
						<line hits="0" number="53"/>
						<line hits="0" number="54"/>
						<line hits="0" number="55"/>
						<line hits="1" number="57"/>
						<line hits="0" number="58"/>
						<line hits="1" number="61"/>
						<line hits="0" number="62"/>
						<line hits="0" number="63"/>
						<line hits="0" number="64"/>
						<line hits="1" number="70"/>
						<line hits="1" number="71"/>
						<line hits="1" number="73"/>
					</lines>
				</class>
				<class branch-rate="0" complexity="0" filename="C:/Users/nicla/AppData/Roaming/Python/Python37/site-packages/PIL/Hdf5StubImagePlugin.py" line-rate="0.5" name="Hdf5StubImagePlugin.py">
					<methods/>
					<lines>
						<line hits="1" number="12"/>
						<line hits="1" number="14"/>
						<line hits="1" number="17"/>
						<line hits="0" number="24"/>
						<line hits="1" number="31"/>
						<line hits="1" number="32"/>
						<line hits="1" number="35"/>
						<line hits="1" number="37"/>
						<line hits="1" number="38"/>
						<line hits="1" number="40"/>
						<line hits="0" number="42"/>
						<line hits="0" number="44"/>
						<line hits="0" number="45"/>
						<line hits="0" number="47"/>
						<line hits="0" number="50"/>
						<line hits="0" number="51"/>
						<line hits="0" number="53"/>
						<line hits="0" number="54"/>
						<line hits="0" number="55"/>
						<line hits="1" number="57"/>
						<line hits="0" number="58"/>
						<line hits="1" number="61"/>
						<line hits="0" number="62"/>
						<line hits="0" number="63"/>
						<line hits="0" number="64"/>
						<line hits="1" number="70"/>
						<line hits="1" number="71"/>
						<line hits="1" number="73"/>
					</lines>
				</class>
				<class branch-rate="0" complexity="0" filename="C:/Users/nicla/AppData/Roaming/Python/Python37/site-packages/PIL/IcnsImagePlugin.py" line-rate="0.1659" name="IcnsImagePlugin.py">
					<methods/>
					<lines>
						<line hits="1" number="18"/>
						<line hits="1" number="19"/>
						<line hits="1" number="20"/>
						<line hits="1" number="21"/>
						<line hits="1" number="22"/>
						<line hits="1" number="23"/>
						<line hits="1" number="24"/>
						<line hits="1" number="26"/>
						<line hits="1" number="28"/>
						<line hits="1" number="29"/>
						<line hits="1" number="30"/>
						<line hits="1" number="32"/>
						<line hits="1" number="35"/>
						<line hits="0" number="36"/>
						<line hits="1" number="39"/>
						<line hits="0" number="41"/>
						<line hits="0" number="42"/>
						<line hits="0" number="43"/>
						<line hits="0" number="44"/>
						<line hits="0" number="45"/>
						<line hits="0" number="46"/>
						<line hits="1" number="49"/>
						<line hits="0" number="54"/>
						<line hits="0" number="55"/>
						<line hits="0" number="56"/>
						<line hits="0" number="57"/>
						<line hits="0" number="58"/>
						<line hits="0" number="60"/>
						<line hits="0" number="61"/>
						<line hits="0" number="64"/>
						<line hits="0" number="65"/>
						<line hits="0" number="66"/>
						<line hits="0" number="67"/>
						<line hits="0" number="68"/>
						<line hits="0" number="69"/>
						<line hits="0" number="70"/>
						<line hits="0" number="71"/>
						<line hits="0" number="72"/>
						<line hits="0" number="73"/>
						<line hits="0" number="74"/>
						<line hits="0" number="75"/>
						<line hits="0" number="76"/>
						<line hits="0" number="77"/>
						<line hits="0" number="79"/>
						<line hits="0" number="80"/>
						<line hits="0" number="81"/>
						<line hits="0" number="82"/>
						<line hits="0" number="83"/>
						<line hits="0" number="84"/>
						<line hits="0" number="85"/>
						<line hits="0" number="86"/>
						<line hits="0" number="87"/>
						<line hits="0" number="88"/>
						<line hits="1" number="91"/>
						<line hits="0" number="93"/>
						<line hits="0" number="94"/>
						<line hits="0" number="95"/>
						<line hits="0" number="96"/>
						<line hits="0" number="97"/>
						<line hits="0" number="98"/>
						<line hits="1" number="101"/>
						<line hits="0" number="102"/>
						<line hits="0" number="103"/>
						<line hits="0" number="104"/>
						<line hits="0" number="105"/>
						<line hits="0" number="106"/>
						<line hits="0" number="107"/>
						<line hits="0" number="108"/>
						<line hits="0" number="109"/>
						<line hits="0" number="114"/>
						<line hits="0" number="115"/>
						<line hits="0" number="120"/>
						<line hits="0" number="121"/>
						<line hits="0" number="122"/>
						<line hits="0" number="123"/>
						<line hits="0" number="124"/>
						<line hits="0" number="125"/>
						<line hits="0" number="126"/>
						<line hits="0" number="128"/>
[...]
						<line hits="0" number="776"/>
						<line hits="0" number="777"/>
						<line hits="0" number="779"/>
						<line hits="0" number="780"/>
						<line hits="0" number="781"/>
						<line hits="1" number="783"/>
						<line hits="0" number="784"/>
						<line hits="1" number="786"/>
						<line hits="0" number="787"/>
						<line hits="1" number="790"/>
						<line hits="1" number="808"/>
						<line hits="0" number="809"/>
						<line hits="0" number="810"/>
						<line hits="0" number="813"/>
						<line hits="0" number="814"/>
						<line hits="0" number="818"/>
						<line hits="0" number="819"/>
						<line hits="1" number="821"/>
						<line hits="0" number="829"/>
						<line hits="0" number="830"/>
						<line hits="0" number="833"/>
						<line hits="0" number="834"/>
						<line hits="0" number="835"/>
						<line hits="0" number="836"/>
						<line hits="1" number="838"/>
						<line hits="0" number="839"/>
						<line hits="0" number="840"/>
						<line hits="0" number="841"/>
						<line hits="0" number="842"/>
						<line hits="1" number="845"/>
						<line hits="1" number="862"/>
						<line hits="0" number="863"/>
						<line hits="0" number="864"/>
						<line hits="0" number="865"/>
						<line hits="0" number="866"/>
						<line hits="1" number="869"/>
						<line hits="0" number="870"/>
						<line hits="0" number="871"/>
						<line hits="0" number="872"/>
						<line hits="0" number="873"/>
						<line hits="0" number="874"/>
						<line hits="0" number="875"/>
						<line hits="0" number="876"/>
						<line hits="0" number="877"/>
						<line hits="0" number="878"/>
						<line hits="0" number="880"/>
						<line hits="0" number="884"/>
						<line hits="0" number="885"/>
						<line hits="0" number="886"/>
						<line hits="1" number="888"/>
						<line hits="0" number="898"/>
						<line hits="0" number="900"/>
						<line hits="0" number="901"/>
						<line hits="0" number="902"/>
						<line hits="0" number="904"/>
						<line hits="0" number="905"/>
						<line hits="0" number="906"/>
						<line hits="0" number="908"/>
						<line hits="0" number="909"/>
						<line hits="0" number="910"/>
						<line hits="0" number="912"/>
						<line hits="0" number="913"/>
						<line hits="0" number="914"/>
						<line hits="0" number="916"/>
						<line hits="0" number="917"/>
						<line hits="0" number="919"/>
						<line hits="1" number="921"/>
						<line hits="0" number="929"/>
						<line hits="0" number="931"/>
						<line hits="1" number="933"/>
						<line hits="0" number="934"/>
						<line hits="0" number="935"/>
						<line hits="0" number="936"/>
						<line hits="0" number="937"/>
						<line hits="0" number="938"/>
						<line hits="0" number="939"/>
						<line hits="1" number="942"/>
						<line hits="1" number="966"/>
						<line hits="0" number="967"/>
						<line hits="0" number="968"/>
						<line hits="0" number="969"/>
						<line hits="0" number="970"/>
						<line hits="0" number="972"/>
						<line hits="0" number="973"/>
						<line hits="0" number="974"/>
						<line hits="0" number="976"/>
						<line hits="0" number="977"/>
						<line hits="0" number="978"/>
						<line hits="0" number="979"/>
						<line hits="1" number="981"/>
						<line hits="0" number="988"/>
						<line hits="0" number="990"/>
						<line hits="1" number="992"/>
						<line hits="0" number="1001"/>
						<line hits="0" number="1003"/>
						<line hits="1" number="1005"/>
						<line hits="0" number="1006"/>
						<line hits="0" number="1007"/>
						<line hits="0" number="1008"/>
						<line hits="0" number="1009"/>
						<line hits="0" number="1010"/>
						<line hits="0" number="1011"/>
						<line hits="0" number="1012"/>
						<line hits="1" number="1015"/>
						<line hits="1" number="1044"/>
						<line hits="0" number="1045"/>
						<line hits="0" number="1046"/>
						<line hits="0" number="1047"/>
						<line hits="0" number="1048"/>
						<line hits="0" number="1050"/>
						<line hits="0" number="1052"/>
						<line hits="0" number="1054"/>
						<line hits="0" number="1055"/>
						<line hits="0" number="1057"/>
						<line hits="0" number="1058"/>
						<line hits="0" number="1059"/>
						<line hits="0" number="1060"/>
						<line hits="0" number="1062"/>
						<line hits="0" number="1063"/>
						<line hits="0" number="1065"/>
						<line hits="0" number="1066"/>
						<line hits="0" number="1067"/>
						<line hits="0" number="1068"/>
						<line hits="0" number="1070"/>
						<line hits="0" number="1071"/>
						<line hits="0" number="1072"/>
						<line hits="0" number="1073"/>
						<line hits="0" number="1074"/>
						<line hits="0" number="1076"/>
						<line hits="0" number="1080"/>
						<line hits="0" number="1081"/>
						<line hits="0" number="1082"/>
						<line hits="0" number="1083"/>
						<line hits="0" number="1085"/>
						<line hits="0" number="1087"/>
						<line hits="0" number="1088"/>
						<line hits="1" number="1090"/>
						<line hits="0" number="1097"/>
						<line hits="0" number="1098"/>
						<line hits="0" number="1099"/>
						<line hits="0" number="1100"/>
						<line hits="0" number="1101"/>
						<line hits="0" number="1104"/>
						<line hits="0" number="1106"/>
						<line hits="0" number="1107"/>
						<line hits="0" number="1109"/>
						<line hits="0" number="1111"/>
						<line hits="0" number="1112"/>
						<line hits="0" number="1113"/>
						<line hits="0" number="1114"/>
						<line hits="0" number="1115"/>
						<line hits="0" number="1118"/>
						<line hits="0" number="1120"/>
						<line hits="1" number="1122"/>
						<line hits="0" number="1129"/>
						<line hits="0" number="1130"/>
						<line hits="1" number="1132"/>
						<line hits="0" number="1133"/>
						<line hits="0" number="1134"/>
						<line hits="0" number="1135"/>
						<line hits="0" number="1136"/>
						<line hits="0" number="1137"/>
						<line hits="0" number="1138"/>
						<line hits="0" number="1139"/>
						<line hits="0" number="1140"/>
						<line hits="0" number="1141"/>
						<line hits="0" number="1142"/>
						<line hits="0" number="1143"/>
						<line hits="0" number="1144"/>
						<line hits="0" number="1145"/>
						<line hits="0" number="1146"/>
						<line hits="0" number="1147"/>
						<line hits="1" number="1150"/>
						<line hits="1" number="1163"/>
						<line hits="0" number="1164"/>
						<line hits="1" number="1166"/>
						<line hits="0" number="1174"/>
						<line hits="1" number="1176"/>
						<line hits="0" number="1177"/>
						<line hits="1" number="1180"/>
						<line hits="1" number="1194"/>
						<line hits="0" number="1195"/>
						<line hits="1" number="1197"/>
						<line hits="0" number="1205"/>
						<line hits="0" number="1206"/>
						<line hits="0" number="1207"/>
						<line hits="0" number="1208"/>
						<line hits="1" number="1210"/>
						<line hits="0" number="1211"/>
						<line hits="1" number="1214"/>
						<line hits="1" number="1239"/>
						<line hits="0" number="1240"/>
						<line hits="0" number="1241"/>
						<line hits="0" number="1242"/>
						<line hits="0" number="1243"/>
						<line hits="0" number="1244"/>
						<line hits="0" number="1245"/>
						<line hits="0" number="1246"/>
						<line hits="0" number="1248"/>
						<line hits="0" number="1249"/>
						<line hits="0" number="1250"/>
						<line hits="0" number="1251"/>
						<line hits="0" number="1252"/>
						<line hits="1" number="1254"/>
						<line hits="1" number="1255"/>
						<line hits="0" number="1266"/>
						<line hits="0" number="1267"/>
						<line hits="0" number="1269"/>
						<line hits="0" number="1270"/>
						<line hits="0" number="1271"/>
						<line hits="0" number="1273"/>
						<line hits="0" number="1274"/>
						<line hits="0" number="1276"/>
						<line hits="0" number="1277"/>
						<line hits="0" number="1278"/>
						<line hits="0" number="1279"/>
						<line hits="0" number="1280"/>
						<line hits="0" number="1281"/>
						<line hits="0" number="1282"/>
						<line hits="0" number="1283"/>
						<line hits="0" number="1284"/>
						<line hits="0" number="1285"/>
						<line hits="0" number="1288"/>
						<line hits="1" number="1290"/>
						<line hits="0" number="1298"/>
						<line hits="0" number="1299"/>
						<line hits="0" number="1300"/>
						<line hits="0" number="1301"/>
					</lines>
				</class>
			</classes>
		</package>
		<package branch-rate="0" complexity="0" line-rate="0.7601" name="test">
			<classes>
				<class branch-rate="0" complexity="0" filename="test/__init__.py" line-rate="1" name="__init__.py">
					<methods/>
					<lines/>
				</class>
				<class branch-rate="0" complexity="0" filename="test/test.py" line-rate="0.7601" name="test.py">
					<methods/>
					<lines>
						<line hits="1" number="1"/>
						<line hits="1" number="2"/>
						<line hits="1" number="3"/>
						<line hits="1" number="4"/>
						<line hits="1" number="5"/>
						<line hits="1" number="6"/>
						<line hits="1" number="7"/>
						<line hits="1" number="9"/>
						<line hits="1" number="10"/>
						<line hits="1" number="11"/>
						<line hits="1" number="12"/>
						<line hits="1" number="14"/>
						<line hits="1" number="15"/>
						<line hits="1" number="16"/>
						<line hits="1" number="17"/>
						<line hits="1" number="19"/>
						<line hits="1" number="20"/>
						<line hits="1" number="21"/>
						<line hits="1" number="22"/>
						<line hits="1" number="24"/>
						<line hits="1" number="25"/>
						<line hits="1" number="26"/>
						<line hits="1" number="27"/>
						<line hits="1" number="29"/>
						<line hits="1" number="30"/>
						<line hits="1" number="31"/>
						<line hits="1" number="32"/>
						<line hits="1" number="35"/>
						<line hits="1" number="40"/>
						<line hits="1" number="44"/>
						<line hits="1" number="45"/>
						<line hits="1" number="47"/>
						<line hits="1" number="49"/>
						<line hits="1" number="53"/>
						<line hits="1" number="55"/>
						<line hits="1" number="57"/>
						<line hits="1" number="61"/>
						<line hits="1" number="63"/>
						<line hits="1" number="65"/>
						<line hits="1" number="69"/>
						<line hits="1" number="70"/>
						<line hits="1" number="72"/>
						<line hits="1" number="74"/>
						<line hits="1" number="78"/>
						<line hits="1" number="79"/>
						<line hits="1" number="81"/>
						<line hits="1" number="83"/>
						<line hits="1" number="87"/>
						<line hits="1" number="89"/>
						<line hits="1" number="91"/>
						<line hits="1" number="95"/>
						<line hits="1" number="97"/>
						<line hits="1" number="99"/>
						<line hits="1" number="103"/>
						<line hits="1" number="104"/>
						<line hits="1" number="105"/>
						<line hits="1" number="106"/>
						<line hits="1" number="107"/>
						<line hits="1" number="108"/>
						<line hits="1" number="109"/>
						<line hits="1" number="111"/>
						<line hits="1" number="113"/>
						<line hits="1" number="117"/>
						<line hits="1" number="119"/>
						<line hits="1" number="122"/>
						<line hits="1" number="127"/>
						<line hits="1" number="131"/>
						<line hits="1" number="132"/>
						<line hits="1" number="135"/>
						<line hits="1" number="136"/>
						<line hits="1" number="137"/>
						<line hits="1" number="138"/>
						<line hits="1" number="140"/>
						<line hits="0" number="145"/>
						<line hits="0" number="146"/>
						<line hits="0" number="149"/>
						<line hits="0" number="150"/>
						<line hits="0" number="151"/>
						<line hits="0" number="152"/>
						<line hits="0" number="153"/>
						<line hits="1" number="156"/>
						<line hits="1" number="161"/>
						<line hits="1" number="165"/>
						<line hits="1" number="166"/>
						<line hits="1" number="167"/>
						<line hits="1" number="169"/>
						<line hits="1" number="173"/>
						<line hits="1" number="174"/>
						<line hits="1" number="176"/>
						<line hits="1" number="180"/>
						<line hits="1" number="181"/>
						<line hits="1" number="182"/>
						<line hits="1" number="183"/>
						<line hits="1" number="184"/>
						<line hits="1" number="218"/>
						<line hits="1" number="219"/>
						<line hits="1" number="220"/>
						<line hits="1" number="221"/>
						<line hits="1" number="222"/>
						<line hits="1" number="223"/>
						<line hits="1" number="225"/>
						<line hits="1" number="229"/>
						<line hits="1" number="230"/>
						<line hits="1" number="231"/>
						<line hits="1" number="233"/>
						<line hits="1" number="237"/>
						<line hits="1" number="238"/>
						<line hits="1" number="239"/>
						<line hits="1" number="240"/>
						<line hits="1" number="241"/>
						<line hits="1" number="242"/>
						<line hits="1" number="243"/>
						<line hits="1" number="244"/>
						<line hits="1" number="245"/>
						<line hits="1" number="247"/>
						<line hits="1" number="251"/>
						<line hits="1" number="252"/>
						<line hits="1" number="253"/>
						<line hits="1" number="254"/>
						<line hits="1" number="255"/>
						<line hits="1" number="256"/>
						<line hits="1" number="257"/>
						<line hits="1" number="258"/>
						<line hits="1" number="259"/>
						<line hits="1" number="260"/>
						<line hits="1" number="263"/>
						<line hits="1" number="268"/>
						<line hits="1" number="272"/>
						<line hits="1" number="273"/>
						<line hits="1" number="274"/>
						<line hits="1" number="275"/>
						<line hits="1" number="277"/>
						<line hits="1" number="281"/>
						<line hits="1" number="282"/>
						<line hits="1" number="285"/>
						<line hits="1" number="286"/>
						<line hits="1" number="287"/>
						<line hits="1" number="288"/>
						<line hits="1" number="290"/>
						<line hits="1" number="294"/>
						<line hits="1" number="295"/>
						<line hits="1" number="296"/>
						<line hits="1" number="297"/>
						<line hits="1" number="298"/>
						<line hits="1" number="300"/>
						<line hits="1" number="304"/>
						<line hits="1" number="305"/>
						<line hits="1" number="308"/>
						<line hits="1" number="309"/>
						<line hits="1" number="310"/>
						<line hits="1" number="311"/>
						<line hits="1" number="312"/>
						<line hits="1" number="315"/>
						<line hits="1" number="320"/>
						<line hits="0" number="325"/>
						<line hits="0" number="326"/>
						<line hits="0" number="327"/>
						<line hits="0" number="328"/>
						<line hits="0" number="329"/>
						<line hits="1" number="333"/>
						<line hits="1" number="338"/>
						<line hits="1" number="343"/>
						<line hits="1" number="344"/>
						<line hits="0" number="347"/>
						<line hits="0" number="348"/>
						<line hits="0" number="349"/>
						<line hits="0" number="350"/>
						<line hits="0" number="351"/>
						<line hits="1" number="353"/>
						<line hits="1" number="358"/>
						<line hits="0" number="359"/>
						<line hits="0" number="360"/>
						<line hits="0" number="361"/>
						<line hits="1" number="363"/>
						<line hits="1" number="368"/>
						<line hits="0" number="369"/>
						<line hits="0" number="370"/>
						<line hits="0" number="371"/>
						<line hits="1" number="373"/>
						<line hits="1" number="378"/>
						<line hits="1" number="379"/>
						<line hits="1" number="382"/>
						<line hits="1" number="383"/>
						<line hits="0" number="384"/>
						<line hits="0" number="385"/>
						<line hits="0" number="386"/>
						<line hits="1" number="388"/>
						<line hits="1" number="393"/>
						<line hits="1" number="394"/>
						<line hits="0" number="397"/>
						<line hits="0" number="398"/>
						<line hits="0" number="399"/>
						<line hits="0" number="400"/>
						<line hits="1" number="402"/>
						<line hits="1" number="407"/>
						<line hits="0" number="408"/>
						<line hits="0" number="409"/>
						<line hits="1" number="411"/>
						<line hits="1" number="416"/>
						<line hits="0" number="417"/>
						<line hits="0" number="418"/>
						<line hits="1" number="420"/>
						<line hits="1" number="425"/>
						<line hits="0" number="426"/>
						<line hits="0" number="427"/>
						<line hits="1" number="429"/>
						<line hits="1" number="434"/>
						<line hits="1" number="435"/>
						<line hits="1" number="436"/>
						<line hits="1" number="437"/>
						<line hits="1" number="439"/>
						<line hits="1" number="444"/>
						<line hits="1" number="445"/>
						<line hits="1" number="446"/>
						<line hits="1" number="447"/>
						<line hits="1" number="449"/>
						<line hits="1" number="454"/>
						<line hits="0" number="455"/>
						<line hits="0" number="456"/>
						<line hits="0" number="457"/>
						<line hits="1" number="459"/>
						<line hits="1" number="464"/>
						<line hits="1" number="465"/>
						<line hits="1" number="466"/>
						<line hits="1" number="467"/>
						<line hits="1" number="469"/>
						<line hits="1" number="474"/>
						<line hits="1" number="475"/>
						<line hits="1" number="476"/>
						<line hits="1" number="477"/>
						<line hits="1" number="478"/>
						<line hits="1" number="479"/>
						<line hits="0" number="480"/>
						<line hits="0" number="481"/>
						<line hits="0" number="482"/>
						<line hits="1" number="484"/>
						<line hits="1" number="489"/>
						<line hits="1" number="490"/>
						<line hits="1" number="491"/>
						<line hits="1" number="492"/>
						<line hits="0" number="493"/>
						<line hits="0" number="494"/>
						<line hits="0" number="495"/>
						<line hits="1" number="497"/>
						<line hits="1" number="502"/>
						<line hits="1" number="503"/>
						<line hits="1" number="504"/>
						<line hits="1" number="505"/>
						<line hits="1" number="506"/>
						<line hits="0" number="507"/>
						<line hits="0" number="508"/>
						<line hits="1" number="510"/>
						<line hits="1" number="515"/>
						<line hits="1" number="516"/>
						<line hits="1" number="517"/>
						<line hits="1" number="518"/>
						<line hits="0" number="519"/>
						<line hits="0" number="520"/>
						<line hits="0" number="521"/>
						<line hits="1" number="523"/>
						<line hits="1" number="528"/>
						<line hits="0" number="529"/>
						<line hits="0" number="530"/>
						<line hits="0" number="531"/>
						<line hits="0" number="532"/>
						<line hits="0" number="533"/>
						<line hits="0" number="534"/>
						<line hits="1" number="536"/>
						<line hits="1" number="541"/>
						<line hits="0" number="542"/>
						<line hits="0" number="543"/>
						<line hits="1" number="545"/>
						<line hits="1" number="550"/>
						<line hits="0" number="551"/>
						<line hits="0" number="552"/>
						<line hits="1" number="554"/>
						<line hits="1" number="559"/>
						<line hits="1" number="560"/>
						<line hits="0" number="563"/>
						<line hits="0" number="564"/>
						<line hits="0" number="565"/>
						<line hits="0" number="566"/>
						<line hits="1" number="568"/>
						<line hits="1" number="573"/>
						<line hits="0" number="574"/>
						<line hits="0" number="575"/>
						<line hits="1" number="577"/>
						<line hits="1" number="582"/>
						<line hits="0" number="583"/>
						<line hits="0" number="584"/>
						<line hits="1" number="586"/>
						<line hits="1" number="591"/>
						<line hits="0" number="592"/>
						<line hits="0" number="593"/>
						<line hits="1" number="596"/>
						<line hits="0" number="597"/>
					</lines>
				</class>
			</classes>
		</package>
	</packages>
</coverage>
